
-----
Test: tests/test_buy_product.py::test_buy_product (call)
Start time: 2023-04-20 19:12:09.154480
Start name method: Authentication

End time: 2023-04-20 19:12:22.380330
End name method: Authentication
URL: https://www.dns-shop.ru/

-----

-----
Test: tests/test_buy_product.py::test_buy_product (call)
Start time: 2023-04-20 19:12:22.394539
Start name method: Open catalog

End time: 2023-04-20 19:12:24.921708
End name method: Open catalog
URL: https://www.dns-shop.ru/catalog/c644002fc427e92e/aksessuary-i-uslugi/

-----

-----
Test: tests/test_buy_product.py::test_buy_product (call)
Start time: 2023-04-20 19:12:24.921708
Start name method: Select for computers and laptops

End time: 2023-04-20 19:12:26.216966
End name method: Select for computers and laptops
URL: https://www.dns-shop.ru/catalog/5928a1ab187ffa91/aksessuary-dlya-kompyuterov-i-noutbukov/

-----

-----
Test: tests/test_buy_product.py::test_buy_product (call)
Start time: 2023-04-20 19:12:26.217967
Start name method: Select usb flash drives and hard drives

End time: 2023-04-20 19:12:27.497357
End name method: Select usb flash drives and hard drives
URL: https://www.dns-shop.ru/catalog/6fd3546b14220c43/usb-fleshki-i-zhestkie-diski/

-----

-----
Test: tests/test_buy_product.py::test_buy_product (call)
Start time: 2023-04-20 19:12:27.497835
Start name method: Select usb flash drives and hard drives

End time: 2023-04-20 19:12:30.091121
End name method: Select usb flash drives and hard drives
URL: https://www.dns-shop.ru/catalog/ce3bebe8448b4e77/usb-flash/?virtual_category_uid=fee8309e20e5484a

-----

-----
Test: tests/test_buy_product.py::test_buy_product (call)
Start time: 2023-04-20 19:12:30.091121
Start name method: Select filters

End time: 2023-04-20 19:12:40.679764
End name method: Select filters
URL: https://www.dns-shop.ru/product/4f6c6f4802043332/pamat-usb-flash-256-gb-kingston-datatraveler-exodia-dtx256gb/

-----

-----
Test: tests/test_buy_product.py::test_buy_product (call)
Start time: 2023-04-20 19:12:40.680764
Start name method: Product save values and add to cart

End time: 2023-04-20 19:12:45.001549
End name method: Product save values and add to cart
URL: https://www.dns-shop.ru/cart/

-----

-----
Test: tests/test_buy_product.py::test_buy_product (call)
Start time: 2023-04-20 19:12:45.002549
Start name method: Check values and checkout

End time: 2023-04-20 19:12:46.163458
End name method: Check values and checkout
URL: https://www.dns-shop.ru/cart/

-----

-----
Test: tests/test_buy_product.py::test_buy_product (call)
Start time: 2023-04-20 19:12:46.164459
Start name method: Final checkout

End time: 2023-04-20 19:12:56.703906
End name method: Final checkout
URL: https://www.dns-shop.ru/checkout-main/

-----
