
-----
Test: tests/test_buy_product.py::test_buy_product (call)
Start time: 2023-04-20 19:19:47.214222
Start name method: Authentication

End time: 2023-04-20 19:20:00.253497
End name method: Authentication
URL: https://www.dns-shop.ru/

-----

-----
Test: tests/test_buy_product.py::test_buy_product (call)
Start time: 2023-04-20 19:20:00.255496
Start name method: Open catalog

End time: 2023-04-20 19:20:02.745744
End name method: Open catalog
URL: https://www.dns-shop.ru/catalog/c644002fc427e92e/aksessuary-i-uslugi/

-----

-----
Test: tests/test_buy_product.py::test_buy_product (call)
Start time: 2023-04-20 19:20:02.746744
Start name method: Select for computers and laptops

End time: 2023-04-20 19:20:04.869493
End name method: Select for computers and laptops
URL: https://www.dns-shop.ru/catalog/5928a1ab187ffa91/aksessuary-dlya-kompyuterov-i-noutbukov/

-----

-----
Test: tests/test_buy_product.py::test_buy_product (call)
Start time: 2023-04-20 19:20:04.870492
Start name method: Select usb flash drives and hard drives

End time: 2023-04-20 19:20:07.228146
End name method: Select usb flash drives and hard drives
URL: https://www.dns-shop.ru/catalog/6fd3546b14220c43/usb-fleshki-i-zhestkie-diski/

-----

-----
Test: tests/test_buy_product.py::test_buy_product (call)
Start time: 2023-04-20 19:20:07.229146
Start name method: Select usb flash drives and hard drives

End time: 2023-04-20 19:20:09.263723
End name method: Select usb flash drives and hard drives
URL: https://www.dns-shop.ru/catalog/ce3bebe8448b4e77/usb-flash/?virtual_category_uid=fee8309e20e5484a

-----

-----
Test: tests/test_buy_product.py::test_buy_product (call)
Start time: 2023-04-20 19:20:09.264722
Start name method: Select filters

End time: 2023-04-20 19:20:17.573498
End name method: Select filters
URL: https://www.dns-shop.ru/product/4f6c6f4802043332/pamat-usb-flash-256-gb-kingston-datatraveler-exodia-dtx256gb/

-----

-----
Test: tests/test_buy_product.py::test_buy_product (call)
Start time: 2023-04-20 19:20:17.574498
Start name method: Product save values and add to cart

End time: 2023-04-20 19:20:23.583607
End name method: Product save values and add to cart
URL: https://www.dns-shop.ru/cart/

-----

-----
Test: tests/test_buy_product.py::test_buy_product (call)
Start time: 2023-04-20 19:20:23.583607
Start name method: Check values and checkout

End time: 2023-04-20 19:20:24.542130
End name method: Check values and checkout
URL: https://www.dns-shop.ru/cart/

-----

-----
Test: tests/test_buy_product.py::test_buy_product (call)
Start time: 2023-04-20 19:20:24.543129
Start name method: Final checkout

End time: 2023-04-20 19:20:35.014853
End name method: Final checkout
URL: https://www.dns-shop.ru/checkout-main/

-----
